2024-12-14 03:51:54 - Аниме добавлено, id аниме =  61
2024-12-14 04:00:28 - Аниме успешно добавлено, Название: DanDaDan
2024-12-14 04:00:39 - Ошибка при добавлении аниме: Неправильно указан тип аниме
2024-12-14 04:00:55 - Ошибка при добавлении аниме: Неправильное название аниме
2024-12-14 04:01:12 - Ошибка при добавлении аниме: Error
2024-12-14 04:12:27 - Аниме добавлено, id аниме =  56
2024-12-14 04:15:20 - Аниме успешно добавлено, Название: Batat Batat
2024-12-14 04:30:38 - Аниме успешно добавлено, Название: Bagdad Incorporation
2024-12-14 04:30:48 - Аниме добавлено, id аниме =  64
2024-12-14 04:31:49 - Аниме добавлено, id аниме =  62
2024-12-14 04:32:09 - Аниме успешно добавлено, Название: Bagdad Incorporation
2024-12-14 04:32:14 - Аниме добавлено, id аниме =  65
2024-12-14 05:50:25 - Аниме успешно добавлено, Название: Bagdad Incorporation
2024-12-14 06:36:53 - Ошибка при добавлении аниме: Неправильное название аниме
2024-12-14 06:50:23 - Аниме добавлено, id аниме =  63
2024-12-14 06:51:01 - Аниме успешно добавлено, Название: Batat Batat
2024-12-14 06:53:46 - Ошибка при добавлении аниме: Неправильное название аниме - Используй цифры и буквы!
2024-12-14 06:54:16 - Ошибка при добавлении аниме: Неправильно указан тип аниме (Допустимы типы: Кодомо,Сёдзё,Дзёсэй,Сёнэн,Сэйнэн)
2024-12-14 06:54:45 - Ошибка при добавлении аниме: Ты не добавил основное фото!
2024-12-14 06:57:28 - Ошибка при добавлении аниме: Ты не добавил основное фото!
